app/build/outputs/logs/manifest-merger-release-report.txt
-- Merging decision tree log ---
manifest
ADDED from src/main/AndroidManifest.xml:2:1-55:12
	xmlns:android
		ADDED from src/main/AndroidManifest.xml:2:11-69
	package
		ADDED from src/main/AndroidManifest.xml:3:5-37
		INJECTED from src/main/AndroidManifest.xml
		INJECTED from src/main/AndroidManifest.xml
	android:versionName
		ADDED from src/main/AndroidManifest.xml:5:5-37
	android:versionCode
		ADDED from src/main/AndroidManifest.xml:4:5-28
		INJECTED from src/main/AndroidManifest.xml
		INJECTED from src/main/AndroidManifest.xml
uses-sdk
ADDED from src/main/AndroidManifest.xml:7:5-9:41
MERGED from [com.android.support:appcompat-v7:20.0.0] AndroidManifest.xml:16:5-42
MERGED from [com.android.support:support-v4:20.0.0] AndroidManifest.xml:16:5-42
MERGED from [com.android.support:support-v4:20.0.0] AndroidManifest.xml:16:5-42
	android:targetSdkVersion
		ADDED from src/main/AndroidManifest.xml:9:9-38
		INJECTED from src/main/AndroidManifest.xml
		INJECTED from src/main/AndroidManifest.xml
	android:minSdkVersion
		ADDED from src/main/AndroidManifest.xml:8:9-34
		INJECTED from src/main/AndroidManifest.xml
		INJECTED from src/main/AndroidManifest.xml
application
ADDED from src/main/AndroidManifest.xml:12:5-53:19
MERGED from [com.android.support:appcompat-v7:20.0.0] AndroidManifest.xml:17:5-19
MERGED from [com.android.support:support-v4:20.0.0] AndroidManifest.xml:17:5-19
MERGED from [com.android.support:support-v4:20.0.0] AndroidManifest.xml:17:5-19
	android:label
		ADDED from src/main/AndroidManifest.xml:15:9-41
	android:allowBackup
		ADDED from src/main/AndroidManifest.xml:13:9-35
	android:icon
		ADDED from src/main/AndroidManifest.xml:14:9-42
	android:theme
		ADDED from src/main/AndroidManifest.xml:17:9-40
	android:logo
		ADDED from src/main/AndroidManifest.xml:16:9-42
activity#com.Sciurus.NeonAscent.MainActivity
ADDED from src/main/AndroidManifest.xml:18:9-22:20
	android:screenOrientation
		ADDED from src/main/AndroidManifest.xml:21:13-49
	android:label
		ADDED from src/main/AndroidManifest.xml:20:13-45
	android:name
		ADDED from src/main/AndroidManifest.xml:19:13-41
activity#com.Sciurus.NeonAscent.MainMenuEntry
ADDED from src/main/AndroidManifest.xml:24:9-33:20
	android:label
		ADDED from src/main/AndroidManifest.xml:27:13-45
	android:icon
		ADDED from src/main/AndroidManifest.xml:26:13-46
	android:name
		ADDED from src/main/AndroidManifest.xml:25:13-42
intent-filter#android.intent.action.MAIN+android.intent.category.LAUNCHER
ADDED from src/main/AndroidManifest.xml:28:13-32:29
action#android.intent.action.MAIN
ADDED from src/main/AndroidManifest.xml:29:17-69
	android:name
		ADDED from src/main/AndroidManifest.xml:29:25-66
category#android.intent.category.LAUNCHER
ADDED from src/main/AndroidManifest.xml:31:17-77
	android:name
		ADDED from src/main/AndroidManifest.xml:31:27-74
activity#com.Sciurus.NeonAscent.Test
ADDED from src/main/AndroidManifest.xml:36:9-39:20
	android:label
		ADDED from src/main/AndroidManifest.xml:38:13-56
	android:name
		ADDED from src/main/AndroidManifest.xml:37:13-33
activity#com.Sciurus.NeonAscent.EndGameActvity
ADDED from src/main/AndroidManifest.xml:42:9-46:20
	android:label
		ADDED from src/main/AndroidManifest.xml:44:13-68
	android:name
		ADDED from src/main/AndroidManifest.xml:43:13-43
	android:launchMode
		ADDED from src/main/AndroidManifest.xml:45:13-44
activity#com.Sciurus.NeonAscent.Introscreen
ADDED from src/main/AndroidManifest.xml:49:9-52:20
	android:label
		ADDED from src/main/AndroidManifest.xml:51:13-40
	android:name
		ADDED from src/main/AndroidManifest.xml:50:13-40